This is pdfTeX, Version 3.141592653-2.6-1.40.26 (TeX Live 2024) (preloaded format=pdflatex 2024.4.1)  19 JUN 2024 14:00
entering extended mode
 restricted \write18 enabled.
 %&-line parsing enabled.
**wobble.tex
(./wobble.tex
LaTeX2e <2023-11-01> patch level 1
L3 programming layer <2024-03-14>
(/usr/local/texlive/2024basic/texmf-dist/tex/latex/koma-script/scrreprt.cls
Document Class: scrreprt 2023/07/07 v3.41 KOMA-Script document class (report)
(/usr/local/texlive/2024basic/texmf-dist/tex/latex/koma-script/scrkbase.sty
Package: scrkbase 2023/07/07 v3.41 KOMA-Script package (KOMA-Script-dependent b
asics and keyval usage)

(/usr/local/texlive/2024basic/texmf-dist/tex/latex/koma-script/scrbase.sty
Package: scrbase 2023/07/07 v3.41 KOMA-Script package (KOMA-Script-independent 
basics and keyval usage)

(/usr/local/texlive/2024basic/texmf-dist/tex/latex/koma-script/scrlfile.sty
Package: scrlfile 2023/07/07 v3.41 KOMA-Script package (file load hooks)

(/usr/local/texlive/2024basic/texmf-dist/tex/latex/koma-script/scrlfile-hook.st
y
Package: scrlfile-hook 2023/07/07 v3.41 KOMA-Script package (using LaTeX hooks)

 (/usr/local/texlive/2024basic/texmf-dist/tex/latex/koma-script/scrlogo.sty
Package: scrlogo 2023/07/07 v3.41 KOMA-Script package (logo)
))) (/usr/local/texlive/2024basic/texmf-dist/tex/latex/graphics/keyval.sty
Package: keyval 2022/05/29 v1.15 key=value parser (DPC)
\KV@toks@=\toks17
)
Applying: [2021/05/01] Usage of raw or classic option list on input line 252.
Already applied: [0000/00/00] Usage of raw or classic option list on input line
 368.
))
(/usr/local/texlive/2024basic/texmf-dist/tex/latex/koma-script/tocbasic.sty
Package: tocbasic 2023/07/07 v3.41 KOMA-Script package (handling toc-files)
\scr@dte@tocline@numberwidth=\skip48
\scr@dte@tocline@numbox=\box51
)
Package tocbasic Info: omitting babel extension for `toc'
(tocbasic)             because of feature `nobabel' available
(tocbasic)             for `toc' on input line 135.
Class scrreprt Info: File `scrsize11pt.clo' used instead of
(scrreprt)           file `scrsize11.clo' to setup font sizes on input line 268
8.

(/usr/local/texlive/2024basic/texmf-dist/tex/latex/koma-script/scrsize11pt.clo
File: scrsize11pt.clo 2023/07/07 v3.41 KOMA-Script font size class option (11pt
)
) (/usr/local/texlive/2024basic/texmf-dist/tex/latex/koma-script/typearea.sty
Package: typearea 2023/07/07 v3.41 KOMA-Script package (type area)
\ta@bcor=\skip49
\ta@div=\count188
Package typearea Info: You've used standard option `a4paper'.
(typearea)             This is correct!
(typearea)             Internally I'm using `paper=a4'.
(typearea)             If you'd like to set the option with \KOMAoptions,
(typearea)             you'd have to use `paper=a4' there
(typearea)             instead of `a4paper', too.
Package typearea Info: You've used standard option `landscape'.
(typearea)             This is correct!
(typearea)             Internally I'm using `paper=landscape'.
(typearea)             If you'd like to set the option with \KOMAoptions,
(typearea)             you'd have to use `paper=landscape' there
(typearea)             instead of `landscape', too.
\ta@hblk=\skip50
\ta@vblk=\skip51
\ta@temp=\skip52
\footheight=\skip53
Package typearea Info: With paper sizes other than (almost) `A4' predefined
(typearea)             DIV values do not exist. Using DIV calculation for good
(typearea)             line width (unless using `version=3.24` or prior).

DIV calculation for typearea with good linewidth.

Package typearea Warning: Very low DIV value!
(typearea)                DIV values less than 6 result in textwidth/-height
(typearea)                smaller than total marginwidth/-height.
(typearea)                You should e.g. increase DIV, increase fontsize or
(typearea)                change papersize.

Package typearea Info: These are the values describing the layout:
(typearea)             DIV  = 5
(typearea)             BCOR = 0.0pt
(typearea)             \paperwidth      = 845.04694pt
(typearea)              \textwidth      = 338.01878pt
(typearea)              DIV departure   = 6%
(typearea)              \evensidemargin = 181.24408pt
(typearea)              \oddsidemargin  = 181.24408pt
(typearea)             \paperheight     = 597.50793pt
(typearea)              \textheight     = 242.2001pt
(typearea)              \topmargin      = 9.83159pt
(typearea)              \headheight     = 17.0pt
(typearea)              \headsep        = 20.40001pt
(typearea)              \topskip        = 11.0pt
(typearea)              \footskip       = 47.6pt
(typearea)              \baselineskip   = 13.6pt
(typearea)              on input line 1799.
)
\c@part=\count189
\c@chapter=\count190
\c@section=\count191
\c@subsection=\count192
\c@subsubsection=\count193
\c@paragraph=\count194
\c@subparagraph=\count195
\scr@dte@chapter@maxnumwidth=\skip54
Class scrreprt Info: using compatibility default `afterindent=bysign'
(scrreprt)           for `\chapter on input line 5994.
\scr@dte@section@maxnumwidth=\skip55
Class scrreprt Info: using compatibility default `runin=bysign'
(scrreprt)           for `\section on input line 6005.
Class scrreprt Info: using compatibility default `afterindent=bysign'
(scrreprt)           for `\section on input line 6005.
\scr@dte@part@maxnumwidth=\skip56
Class scrreprt Info: using compatibility default `afterindent=true'
(scrreprt)           for `\part on input line 6014.
\scr@dte@subsection@maxnumwidth=\skip57
Class scrreprt Info: using compatibility default `runin=bysign'
(scrreprt)           for `\subsection on input line 6024.
Class scrreprt Info: using compatibility default `afterindent=bysign'
(scrreprt)           for `\subsection on input line 6024.
\scr@dte@subsubsection@maxnumwidth=\skip58
Class scrreprt Info: using compatibility default `runin=bysign'
(scrreprt)           for `\subsubsection on input line 6034.
Class scrreprt Info: using compatibility default `afterindent=bysign'
(scrreprt)           for `\subsubsection on input line 6034.
\scr@dte@paragraph@maxnumwidth=\skip59
Class scrreprt Info: using compatibility default `runin=bysign'
(scrreprt)           for `\paragraph on input line 6045.
Class scrreprt Info: using compatibility default `afterindent=bysign'
(scrreprt)           for `\paragraph on input line 6045.
\scr@dte@subparagraph@maxnumwidth=\skip60
Class scrreprt Info: using compatibility default `runin=bysign'
(scrreprt)           for `\subparagraph on input line 6055.
Class scrreprt Info: using compatibility default `afterindent=bysign'
(scrreprt)           for `\subparagraph on input line 6055.
\abovecaptionskip=\skip61
\belowcaptionskip=\skip62
\c@pti@nb@sid@b@x=\box52
Package tocbasic Info: omitting babel extension for `lof'
(tocbasic)             because of feature `nobabel' available
(tocbasic)             for `lof' on input line 7240.
\scr@dte@figure@maxnumwidth=\skip63
\c@figure=\count196
Package tocbasic Info: omitting babel extension for `lot'
(tocbasic)             because of feature `nobabel' available
(tocbasic)             for `lot' on input line 7257.
\scr@dte@table@maxnumwidth=\skip64
\c@table=\count197
Class scrreprt Info: Redefining `\numberline' on input line 7428.
\bibindent=\dimen140
)

Package typearea Warning: Bad type area settings!
(typearea)                The detected line width is about 97%
(typearea)                larger than the heuristically estimated maximum
(typearea)                limit of typographical good line width.
(typearea)                You should e.g. decrease DIV, increase fontsize
(typearea)                or change papersize.

Package typearea Info: These are the values describing the layout:
(typearea)             DIV  = 30
(typearea)             BCOR = 0.0pt
(typearea)             \paperwidth      = 845.04694pt
(typearea)              \textwidth      = 760.54225pt
(typearea)              DIV departure   = -97%
(typearea)              \evensidemargin = -30.01765pt
(typearea)              \oddsidemargin  = -30.01765pt
(typearea)             \paperheight     = 597.50793pt
(typearea)              \textheight     = 541.40024pt
(typearea)              \topmargin      = -89.75307pt
(typearea)              \headheight     = 17.0pt
(typearea)              \headsep        = 20.40001pt
(typearea)              \topskip        = 11.0pt
(typearea)              \footskip       = 47.6pt
(typearea)              \baselineskip   = 13.6pt
(typearea)              on input line 2.

Package typearea Warning: page content and margins higher than paper.
(typearea)                This may result in page footer out of paper.
(typearea)                You should decrease DIV, decrease foot height,
(typearea)                or include footer into type area.

(/usr/local/texlive/2024basic/texmf-dist/tex/latex/graphics/graphicx.sty
Package: graphicx 2021/09/16 v1.2d Enhanced LaTeX Graphics (DPC,SPQR)

(/usr/local/texlive/2024basic/texmf-dist/tex/latex/graphics/graphics.sty
Package: graphics 2022/03/10 v1.4e Standard LaTeX Graphics (DPC,SPQR)

(/usr/local/texlive/2024basic/texmf-dist/tex/latex/graphics/trig.sty
Package: trig 2021/08/11 v1.11 sin cos tan (DPC)
)
(/usr/local/texlive/2024basic/texmf-dist/tex/latex/graphics-cfg/graphics.cfg
File: graphics.cfg 2016/06/04 v1.11 sample graphics configuration
)
Package graphics Info: Driver file: pdftex.def on input line 107.

(/usr/local/texlive/2024basic/texmf-dist/tex/latex/graphics-def/pdftex.def
File: pdftex.def 2022/09/22 v1.2b Graphics/color driver for pdftex
))
\Gin@req@height=\dimen141
\Gin@req@width=\dimen142
)
(/usr/local/texlive/2024basic/texmf-dist/tex/latex/l3backend/l3backend-pdftex.d
ef
File: l3backend-pdftex.def 2024-03-14 L3 backend support: PDF output (pdfTeX)
\l__color_backend_stack_int=\count198
\l__pdf_internal_box=\box53
) (./wobble.aux)
\openout1 = `wobble.aux'.

LaTeX Font Info:    Checking defaults for OML/cmm/m/it on input line 13.
LaTeX Font Info:    ... okay on input line 13.
LaTeX Font Info:    Checking defaults for OMS/cmsy/m/n on input line 13.
LaTeX Font Info:    ... okay on input line 13.
LaTeX Font Info:    Checking defaults for OT1/cmr/m/n on input line 13.
LaTeX Font Info:    ... okay on input line 13.
LaTeX Font Info:    Checking defaults for T1/cmr/m/n on input line 13.
LaTeX Font Info:    ... okay on input line 13.
LaTeX Font Info:    Checking defaults for TS1/cmr/m/n on input line 13.
LaTeX Font Info:    ... okay on input line 13.
LaTeX Font Info:    Checking defaults for OMX/cmex/m/n on input line 13.
LaTeX Font Info:    ... okay on input line 13.
LaTeX Font Info:    Checking defaults for U/cmr/m/n on input line 13.
LaTeX Font Info:    ... okay on input line 13.
Package scrbase Info: activating english \abstractname on input line 13.
Package scrbase Info: activating english \partname on input line 13.
Package scrbase Info: activating english \chaptername on input line 13.
Package scrbase Info: activating english \appendixname on input line 13.
Package scrbase Info: activating english \figurename on input line 13.
Package scrbase Info: activating english \tablename on input line 13.
Package scrbase Info: activating english \contentsname on input line 13.
Package scrbase Info: activating english \listfigurename on input line 13.
Package scrbase Info: activating english \listtablename on input line 13.
Package scrbase Info: activating english \bibname on input line 13.
Package scrbase Info: activating english \indexname on input line 13.

(/usr/local/texlive/2024basic/texmf-dist/tex/context/base/mkii/supp-pdf.mkii
[Loading MPS to PDF converter (version 2006.09.02).]
\scratchcounter=\count199
\scratchdimen=\dimen143
\scratchbox=\box54
\nofMPsegments=\count266
\nofMParguments=\count267
\everyMPshowfont=\toks18
\MPscratchCnt=\count268
\MPscratchDim=\dimen144
\MPnumerator=\count269
\makeMPintoPDFobject=\count270
\everyMPtoPDFconversion=\toks19
)
(/usr/local/texlive/2024basic/texmf-dist/tex/latex/epstopdf-pkg/epstopdf-base.s
ty
Package: epstopdf-base 2020-01-24 v2.11 Base part for package epstopdf
Package epstopdf-base Info: Redefining graphics rule for `.eps' on input line 4
85.

(/usr/local/texlive/2024basic/texmf-dist/tex/latex/latexconfig/epstopdf-sys.cfg
File: epstopdf-sys.cfg 2010/07/13 v1.3 Configuration of (r)epstopdf for TeX Liv
e
))
<./images/1s0.png, id=1, 1405.25pt x 1003.75pt>
File: ./images/1s0.png Graphic file (type png)
<use ./images/1s0.png>
Package pdftex.def Info: ./images/1s0.png  used on input line 15.
(pdftex.def)             Requested size: 760.54225pt x 543.25752pt.
 [1

{/usr/local/texlive/2024basic/texmf-var/fonts/map/pdftex/updmap/pdftex.map}]
Overfull \vbox (28.3008pt too high) has occurred while \output is active []


[2 <./images/1s0.png>]
<./images/2p-1.png, id=14, 1405.25pt x 1003.75pt>
File: ./images/2p-1.png Graphic file (type png)
<use ./images/2p-1.png>
Package pdftex.def Info: ./images/2p-1.png  used on input line 16.
(pdftex.def)             Requested size: 760.54225pt x 543.25752pt.

Overfull \vbox (1.85728pt too high) has occurred while \output is active []


[3 <./images/2p-1.png>]
<./images/2p0.png, id=19, 1405.25pt x 1003.75pt>
File: ./images/2p0.png Graphic file (type png)
<use ./images/2p0.png>
Package pdftex.def Info: ./images/2p0.png  used on input line 17.
(pdftex.def)             Requested size: 760.54225pt x 543.25752pt.

Overfull \vbox (1.85728pt too high) has occurred while \output is active []


[4 <./images/2p0.png>]
<./images/2p1.png, id=24, 1405.25pt x 1003.75pt>
File: ./images/2p1.png Graphic file (type png)
<use ./images/2p1.png>
Package pdftex.def Info: ./images/2p1.png  used on input line 18.
(pdftex.def)             Requested size: 760.54225pt x 543.25752pt.

Overfull \vbox (1.85728pt too high) has occurred while \output is active []


[5 <./images/2p1.png>]
<./images/osc_-1_0.png, id=29, 1405.25pt x 1003.75pt>
File: ./images/osc_-1_0.png Graphic file (type png)
<use ./images/osc_-1_0.png>
Package pdftex.def Info: ./images/osc_-1_0.png  used on input line 21.
(pdftex.def)             Requested size: 760.54225pt x 543.25752pt.

Overfull \vbox (28.3008pt too high) has occurred while \output is active []


[6 <./images/osc_-1_0.png>]
<./images/osc_-1_1.png, id=34, 1405.25pt x 1003.75pt>
File: ./images/osc_-1_1.png Graphic file (type png)
<use ./images/osc_-1_1.png>
Package pdftex.def Info: ./images/osc_-1_1.png  used on input line 22.
(pdftex.def)             Requested size: 760.54225pt x 543.25752pt.

Overfull \vbox (1.85728pt too high) has occurred while \output is active []


[7 <./images/osc_-1_1.png>]
<./images/osc_-1_2.png, id=40, 1405.25pt x 1003.75pt>
File: ./images/osc_-1_2.png Graphic file (type png)
<use ./images/osc_-1_2.png>
Package pdftex.def Info: ./images/osc_-1_2.png  used on input line 23.
(pdftex.def)             Requested size: 760.54225pt x 543.25752pt.

Overfull \vbox (1.85728pt too high) has occurred while \output is active []


[8 <./images/osc_-1_2.png>]
<./images/osc_-1_3.png, id=45, 1405.25pt x 1003.75pt>
File: ./images/osc_-1_3.png Graphic file (type png)
<use ./images/osc_-1_3.png>
Package pdftex.def Info: ./images/osc_-1_3.png  used on input line 24.
(pdftex.def)             Requested size: 760.54225pt x 543.25752pt.

Overfull \vbox (1.85728pt too high) has occurred while \output is active []


[9 <./images/osc_-1_3.png>]
<./images/osc_-1_4.png, id=50, 1405.25pt x 1003.75pt>
File: ./images/osc_-1_4.png Graphic file (type png)
<use ./images/osc_-1_4.png>
Package pdftex.def Info: ./images/osc_-1_4.png  used on input line 25.
(pdftex.def)             Requested size: 760.54225pt x 543.25752pt.

Overfull \vbox (1.85728pt too high) has occurred while \output is active []


[10 <./images/osc_-1_4.png>]
<./images/osc_-1_5.png, id=55, 1405.25pt x 1003.75pt>
File: ./images/osc_-1_5.png Graphic file (type png)
<use ./images/osc_-1_5.png>
Package pdftex.def Info: ./images/osc_-1_5.png  used on input line 26.
(pdftex.def)             Requested size: 760.54225pt x 543.25752pt.

Overfull \vbox (1.85728pt too high) has occurred while \output is active []


[11 <./images/osc_-1_5.png>]
<./images/osc_-1_6.png, id=60, 1405.25pt x 1003.75pt>
File: ./images/osc_-1_6.png Graphic file (type png)
<use ./images/osc_-1_6.png>
Package pdftex.def Info: ./images/osc_-1_6.png  used on input line 27.
(pdftex.def)             Requested size: 760.54225pt x 543.25752pt.

Overfull \vbox (1.85728pt too high) has occurred while \output is active []


[12 <./images/osc_-1_6.png>]
<./images/osc_0_0.png, id=65, 1405.25pt x 1003.75pt>
File: ./images/osc_0_0.png Graphic file (type png)
<use ./images/osc_0_0.png>
Package pdftex.def Info: ./images/osc_0_0.png  used on input line 29.
(pdftex.def)             Requested size: 760.54225pt x 543.25752pt.

Overfull \vbox (1.85728pt too high) has occurred while \output is active []


[13 <./images/osc_0_0.png>]
<./images/osc_0_1.png, id=71, 1405.25pt x 1003.75pt>
File: ./images/osc_0_1.png Graphic file (type png)
<use ./images/osc_0_1.png>
Package pdftex.def Info: ./images/osc_0_1.png  used on input line 30.
(pdftex.def)             Requested size: 760.54225pt x 543.25752pt.

Overfull \vbox (1.85728pt too high) has occurred while \output is active []


[14 <./images/osc_0_1.png>]
<./images/osc_0_2.png, id=76, 1405.25pt x 1003.75pt>
File: ./images/osc_0_2.png Graphic file (type png)
<use ./images/osc_0_2.png>
Package pdftex.def Info: ./images/osc_0_2.png  used on input line 31.
(pdftex.def)             Requested size: 760.54225pt x 543.25752pt.

Overfull \vbox (1.85728pt too high) has occurred while \output is active []


[15 <./images/osc_0_2.png>]
<./images/osc_0_3.png, id=81, 1405.25pt x 1003.75pt>
File: ./images/osc_0_3.png Graphic file (type png)
<use ./images/osc_0_3.png>
Package pdftex.def Info: ./images/osc_0_3.png  used on input line 32.
(pdftex.def)             Requested size: 760.54225pt x 543.25752pt.

Overfull \vbox (1.85728pt too high) has occurred while \output is active []


[16 <./images/osc_0_3.png>]
<./images/osc_0_4.png, id=86, 1405.25pt x 1003.75pt>
File: ./images/osc_0_4.png Graphic file (type png)
<use ./images/osc_0_4.png>
Package pdftex.def Info: ./images/osc_0_4.png  used on input line 33.
(pdftex.def)             Requested size: 760.54225pt x 543.25752pt.

Overfull \vbox (1.85728pt too high) has occurred while \output is active []


[17 <./images/osc_0_4.png>]
<./images/osc_0_5.png, id=91, 1405.25pt x 1003.75pt>
File: ./images/osc_0_5.png Graphic file (type png)
<use ./images/osc_0_5.png>
Package pdftex.def Info: ./images/osc_0_5.png  used on input line 34.
(pdftex.def)             Requested size: 760.54225pt x 543.25752pt.

Overfull \vbox (1.85728pt too high) has occurred while \output is active []


[18 <./images/osc_0_5.png>]
<./images/osc_0_6.png, id=96, 1405.25pt x 1003.75pt>
File: ./images/osc_0_6.png Graphic file (type png)
<use ./images/osc_0_6.png>
Package pdftex.def Info: ./images/osc_0_6.png  used on input line 35.
(pdftex.def)             Requested size: 760.54225pt x 543.25752pt.

Overfull \vbox (1.85728pt too high) has occurred while \output is active []


[19 <./images/osc_0_6.png>]
<./images/osc_1_0.png, id=102, 1405.25pt x 1003.75pt>
File: ./images/osc_1_0.png Graphic file (type png)
<use ./images/osc_1_0.png>
Package pdftex.def Info: ./images/osc_1_0.png  used on input line 37.
(pdftex.def)             Requested size: 760.54225pt x 543.25752pt.

Overfull \vbox (1.85728pt too high) has occurred while \output is active []


[20 <./images/osc_1_0.png>]
<./images/osc_1_1.png, id=107, 1405.25pt x 1003.75pt>
File: ./images/osc_1_1.png Graphic file (type png)
<use ./images/osc_1_1.png>
Package pdftex.def Info: ./images/osc_1_1.png  used on input line 38.
(pdftex.def)             Requested size: 760.54225pt x 543.25752pt.

Overfull \vbox (1.85728pt too high) has occurred while \output is active []


[21 <./images/osc_1_1.png>]
<./images/osc_1_2.png, id=112, 1405.25pt x 1003.75pt>
File: ./images/osc_1_2.png Graphic file (type png)
<use ./images/osc_1_2.png>
Package pdftex.def Info: ./images/osc_1_2.png  used on input line 39.
(pdftex.def)             Requested size: 760.54225pt x 543.25752pt.

Overfull \vbox (1.85728pt too high) has occurred while \output is active []


[22 <./images/osc_1_2.png>]
<./images/osc_1_3.png, id=117, 1405.25pt x 1003.75pt>
File: ./images/osc_1_3.png Graphic file (type png)
<use ./images/osc_1_3.png>
Package pdftex.def Info: ./images/osc_1_3.png  used on input line 40.
(pdftex.def)             Requested size: 760.54225pt x 543.25752pt.

Overfull \vbox (1.85728pt too high) has occurred while \output is active []


[23 <./images/osc_1_3.png>]
<./images/osc_1_4.png, id=122, 1405.25pt x 1003.75pt>
File: ./images/osc_1_4.png Graphic file (type png)
<use ./images/osc_1_4.png>
Package pdftex.def Info: ./images/osc_1_4.png  used on input line 41.
(pdftex.def)             Requested size: 760.54225pt x 543.25752pt.

Overfull \vbox (1.85728pt too high) has occurred while \output is active []


[24 <./images/osc_1_4.png>]
<./images/osc_1_5.png, id=127, 1405.25pt x 1003.75pt>
File: ./images/osc_1_5.png Graphic file (type png)
<use ./images/osc_1_5.png>
Package pdftex.def Info: ./images/osc_1_5.png  used on input line 42.
(pdftex.def)             Requested size: 760.54225pt x 543.25752pt.

Overfull \vbox (1.85728pt too high) has occurred while \output is active []


[25 <./images/osc_1_5.png>]
<./images/osc_1_6.png, id=133, 1405.25pt x 1003.75pt>
File: ./images/osc_1_6.png Graphic file (type png)
<use ./images/osc_1_6.png>
Package pdftex.def Info: ./images/osc_1_6.png  used on input line 43.
(pdftex.def)             Requested size: 760.54225pt x 543.25752pt.

Overfull \vbox (1.85728pt too high) has occurred while \output is active []


[26 <./images/osc_1_6.png>]
LaTeX Font Info:    External font `cmex10' loaded for size
(Font)              <10.95> on input line 47.
LaTeX Font Info:    External font `cmex10' loaded for size
(Font)              <8> on input line 47.
LaTeX Font Info:    External font `cmex10' loaded for size
(Font)              <6> on input line 47.
 [27] (./wobble.aux)
 ***********
LaTeX2e <2023-11-01> patch level 1
L3 programming layer <2024-03-14>
 ***********
 ) 
Here is how much of TeX's memory you used:
 4645 strings out of 475555
 102601 string characters out of 5777675
 1928493 words of memory out of 5000000
 26825 multiletter control sequences out of 15000+600000
 561701 words of font info for 48 fonts, out of 8000000 for 9000
 319 hyphenation exceptions out of 8191
 108i,7n,107p,10974b,271s stack positions out of 10000i,1000n,20000p,200000b,200000s
</usr/local/texlive/2024basic/texmf-dist/fonts/type1/public/amsfonts/cm/cmmi1
0.pfb></usr/local/texlive/2024basic/texmf-dist/fonts/type1/public/amsfonts/cm/c
mr10.pfb></usr/local/texlive/2024basic/texmf-dist/fonts/type1/public/amsfonts/c
m/cmr8.pfb></usr/local/texlive/2024basic/texmf-dist/fonts/type1/public/amsfonts
/cm/cmssbx10.pfb></usr/local/texlive/2024basic/texmf-dist/fonts/type1/public/am
sfonts/cm/cmsy10.pfb></usr/local/texlive/2024basic/texmf-dist/fonts/type1/publi
c/amsfonts/cm/cmsy8.pfb>
Output written on wobble.pdf (27 pages, 2359596 bytes).
PDF statistics:
 172 PDF objects out of 1000 (max. 8388607)
 80 compressed objects within 1 object stream
 0 named destinations out of 1000 (max. 500000)
 126 words of extra memory for PDF output out of 10000 (max. 10000000)

